Using pre-set license
Built from '2020.2/staging' branch; Version is '2020.2.7f1 (c53830e277f1) revision 12924976'; Using compiler version '192528614'; Build Type 'Release'
OS: 'Windows 10 Home; OS build 19042.985; Version 2009; 64bit' Language: 'en' Physical Memory: 16319 MB
BatchMode: 1, IsHumanControllingUs: 0, StartBugReporterOnCrash: 0, Is64bit: 1, IsPro: 0

 COMMAND LINE ARGUMENTS:
E:\Unity\2020.2.7f1\Editor\Unity.exe
-adb2
-batchMode
-noUpm
-name
AssetImportWorker0
-projectPath
E:/Uni/das74_TechnicalWork_2021/BinaryGame
-logFile
Logs/AssetImportWorker0.log
-srvPort
55394
Successfully changed project path to: E:/Uni/das74_TechnicalWork_2021/BinaryGame
E:/Uni/das74_TechnicalWork_2021/BinaryGame
Using Asset Import Pipeline V2.
Refreshing native plugins compatible for Editor in 37.55 ms, found 1 plugins.
Preloading 0 native plugins for Editor in 0.00 ms.
Initialize engine version: 2020.2.7f1 (c53830e277f1)
[Subsystems] Discovering subsystems at path E:/Unity/2020.2.7f1/Editor/Data/Resources/UnitySubsystems
[Subsystems] Discovering subsystems at path E:/Uni/das74_TechnicalWork_2021/BinaryGame/Assets
GfxDevice: creating device client; threaded=0
Direct3D:
    Version:  Direct3D 11.0 [level 11.1]
    Renderer: NVIDIA GeForce RTX 2070 SUPER (ID=0x1e84)
    Vendor:   
    VRAM:     8018 MB
    Driver:   27.21.14.6589
Initialize mono
Mono path[0] = 'E:/Unity/2020.2.7f1/Editor/Data/Managed'
Mono path[1] = 'E:/Unity/2020.2.7f1/Editor/Data/MonoBleedingEdge/lib/mono/unityjit'
Mono config path = 'E:/Unity/2020.2.7f1/Editor/Data/MonoBleedingEdge/etc'
Using monoOptions --debugger-agent=transport=dt_socket,embedding=1,server=y,suspend=n,address=127.0.0.1:56316
Begin MonoManager ReloadAssembly
Registering precompiled unity dll's ...
Register platform support module: E:/Unity/2020.2.7f1/Editor/Data/PlaybackEngines/WebGLSupport/UnityEditor.WebGL.Extensions.dll
Register platform support module: E:/Unity/2020.2.7f1/Editor/Data/PlaybackEngines/WindowsStandaloneSupport/UnityEditor.WindowsStandalone.Extensions.dll
Registered in 0.000906 seconds.
Native extension for WindowsStandalone target not found
Native extension for WebGL target not found
Refreshing native plugins compatible for Editor in 37.49 ms, found 1 plugins.
Preloading 0 native plugins for Editor in 0.00 ms.
Invoked RoslynAnalysisRunner static constructor.
RoslynAnalysisRunner will not be running.
RoslynAnalysisRunner has terminated.
Mono: successfully reloaded assembly
- Completed reload, in  0.710 seconds
Platform modules already initialized, skipping
Registering precompiled user dll's ...
Registered in 0.000804 seconds.
Begin MonoManager ReloadAssembly
Native extension for WindowsStandalone target not found
Native extension for WebGL target not found
Refreshing native plugins compatible for Editor in 42.55 ms, found 1 plugins.
Preloading 0 native plugins for Editor in 0.00 ms.
Invoked RoslynAnalysisRunner static constructor.
RoslynAnalysisRunner will not be running.
RoslynAnalysisRunner has terminated.
Mono: successfully reloaded assembly
- Completed reload, in  0.852 seconds
Platform modules already initialized, skipping
========================================================================
Worker process is ready to serve import requests
Launched and connected shader compiler UnityShaderCompiler.exe after 0.04 seconds
Refreshing native plugins compatible for Editor in 0.35 ms, found 1 plugins.
Preloading 0 native plugins for Editor in 0.00 ms.
Unloading 2644 Unused Serialized files (Serialized files now loaded: 0)
System memory in use before: 111.2 MB.
System memory in use after: 111.4 MB.

Unloading 19 unused Assets to reduce memory usage. Loaded Objects now: 3096.
Total: 1.931500 ms (FindLiveObjects: 0.219000 ms CreateObjectMapping: 0.119700 ms MarkObjects: 1.570400 ms  DeleteObjects: 0.021400 ms)

========================================================================
Received Import Request.
  path: Assets/Scenes/MainGameScene.unity
  artifactKey: Guid(ccdb6811f9576ff4ba91ef658b206ac2) Importer(815301076,1909f56bfc062723c751e8b465ee728b)
Start importing Assets/Scenes/MainGameScene.unity using Guid(ccdb6811f9576ff4ba91ef658b206ac2) Importer(815301076,1909f56bfc062723c751e8b465ee728b)  -> (artifact id: '4a7055de412c90ca0d30973d6680fd21') in 0.012570 seconds
  Import took 0.015767 seconds .

========================================================================
Received Prepare
Refreshing native plugins compatible for Editor in 1.28 ms, found 1 plugins.
Preloading 0 native plugins for Editor in 0.00 ms.
Unloading 7 Unused Serialized files (Serialized files now loaded: 0)
System memory in use before: 58.0 MB.
System memory in use after: 58.3 MB.

Unloading 6 unused Assets to reduce memory usage. Loaded Objects now: 3096.
Total: 2.008500 ms (FindLiveObjects: 0.222500 ms CreateObjectMapping: 0.120400 ms MarkObjects: 1.650600 ms  DeleteObjects: 0.014500 ms)

========================================================================
Received Prepare
Registering precompiled user dll's ...
Registered in 0.000802 seconds.
Begin MonoManager ReloadAssembly
Native extension for WindowsStandalone target not found
Native extension for WebGL target not found
Refreshing native plugins compatible for Editor in 0.36 ms, found 1 plugins.
Preloading 0 native plugins for Editor in 0.00 ms.
Invoked RoslynAnalysisRunner static constructor.
RoslynAnalysisRunner will not be running.
RoslynAnalysisRunner has terminated.
Mono: successfully reloaded assembly
- Completed reload, in  0.777 seconds
Platform modules already initialized, skipping
Refreshing native plugins compatible for Editor in 0.36 ms, found 1 plugins.
Preloading 0 native plugins for Editor in 0.00 ms.
Unloading 2598 Unused Serialized files (Serialized files now loaded: 0)
System memory in use before: 109.5 MB.
System memory in use after: 109.7 MB.

Unloading 9 unused Assets to reduce memory usage. Loaded Objects now: 3099.
Total: 2.217600 ms (FindLiveObjects: 0.239900 ms CreateObjectMapping: 0.144100 ms MarkObjects: 1.819200 ms  DeleteObjects: 0.013600 ms)

========================================================================
Received Prepare
Registering precompiled user dll's ...
Registered in 0.000812 seconds.
Begin MonoManager ReloadAssembly
Native extension for WindowsStandalone target not found
Native extension for WebGL target not found
Refreshing native plugins compatible for Editor in 0.37 ms, found 1 plugins.
Preloading 0 native plugins for Editor in 0.00 ms.
Invoked RoslynAnalysisRunner static constructor.
RoslynAnalysisRunner will not be running.
RoslynAnalysisRunner has terminated.
Mono: successfully reloaded assembly
- Completed reload, in  0.780 seconds
Platform modules already initialized, skipping
Refreshing native plugins compatible for Editor in 0.36 ms, found 1 plugins.
Preloading 0 native plugins for Editor in 0.00 ms.
Unloading 2598 Unused Serialized files (Serialized files now loaded: 0)
System memory in use before: 109.5 MB.
System memory in use after: 109.8 MB.

Unloading 9 unused Assets to reduce memory usage. Loaded Objects now: 3102.
Total: 1.926700 ms (FindLiveObjects: 0.203800 ms CreateObjectMapping: 0.129600 ms MarkObjects: 1.579000 ms  DeleteObjects: 0.013600 ms)

========================================================================
Received Prepare
Registering precompiled user dll's ...
Registered in 0.000860 seconds.
Begin MonoManager ReloadAssembly
Native extension for WindowsStandalone target not found
Native extension for WebGL target not found
Refreshing native plugins compatible for Editor in 0.35 ms, found 1 plugins.
Preloading 0 native plugins for Editor in 0.00 ms.
Invoked RoslynAnalysisRunner static constructor.
RoslynAnalysisRunner will not be running.
RoslynAnalysisRunner has terminated.
Mono: successfully reloaded assembly
- Completed reload, in  0.754 seconds
Platform modules already initialized, skipping
Refreshing native plugins compatible for Editor in 0.36 ms, found 1 plugins.
Preloading 0 native plugins for Editor in 0.00 ms.
Unloading 2598 Unused Serialized files (Serialized files now loaded: 0)
System memory in use before: 109.6 MB.
System memory in use after: 109.8 MB.

Unloading 9 unused Assets to reduce memory usage. Loaded Objects now: 3105.
Total: 1.869600 ms (FindLiveObjects: 0.232000 ms CreateObjectMapping: 0.130400 ms MarkObjects: 1.493800 ms  DeleteObjects: 0.012600 ms)

========================================================================
Received Prepare
Registering precompiled user dll's ...
Registered in 0.000815 seconds.
Begin MonoManager ReloadAssembly
Native extension for WindowsStandalone target not found
Native extension for WebGL target not found
Refreshing native plugins compatible for Editor in 0.35 ms, found 1 plugins.
Preloading 0 native plugins for Editor in 0.00 ms.
Invoked RoslynAnalysisRunner static constructor.
RoslynAnalysisRunner will not be running.
RoslynAnalysisRunner has terminated.
Mono: successfully reloaded assembly
- Completed reload, in  0.766 seconds
Platform modules already initialized, skipping
Refreshing native plugins compatible for Editor in 0.36 ms, found 1 plugins.
Preloading 0 native plugins for Editor in 0.00 ms.
Unloading 2598 Unused Serialized files (Serialized files now loaded: 0)
System memory in use before: 109.6 MB.
System memory in use after: 109.8 MB.

Unloading 9 unused Assets to reduce memory usage. Loaded Objects now: 3108.
Total: 1.985400 ms (FindLiveObjects: 0.201400 ms CreateObjectMapping: 0.103300 ms MarkObjects: 1.666100 ms  DeleteObjects: 0.013900 ms)

========================================================================
Received Import Request.
  Time since last request: 260.917683 seconds.
  path: Assets/Scripts/MainGame/GameController.cs
  artifactKey: Guid(766901cc0c596744dbc9c159caba5b23) Importer(815301076,1909f56bfc062723c751e8b465ee728b)
Start importing Assets/Scripts/MainGame/GameController.cs using Guid(766901cc0c596744dbc9c159caba5b23) Importer(815301076,1909f56bfc062723c751e8b465ee728b)  -> (artifact id: '49dcb52cb568a5c319e36812b83b1157') in 0.044847 seconds
  Import took 0.048354 seconds .

========================================================================
Received Prepare
Registering precompiled user dll's ...
Registered in 0.001034 seconds.
Begin MonoManager ReloadAssembly
Native extension for WindowsStandalone target not found
Native extension for WebGL target not found
Refreshing native plugins compatible for Editor in 0.36 ms, found 1 plugins.
Preloading 0 native plugins for Editor in 0.00 ms.
Invoked RoslynAnalysisRunner static constructor.
RoslynAnalysisRunner will not be running.
RoslynAnalysisRunner has terminated.
Mono: successfully reloaded assembly
- Completed reload, in  0.798 seconds
Platform modules already initialized, skipping
Refreshing native plugins compatible for Editor in 0.42 ms, found 1 plugins.
Preloading 0 native plugins for Editor in 0.00 ms.
Unloading 2598 Unused Serialized files (Serialized files now loaded: 0)
System memory in use before: 109.5 MB.
System memory in use after: 109.7 MB.

Unloading 9 unused Assets to reduce memory usage. Loaded Objects now: 3111.
Total: 1.951900 ms (FindLiveObjects: 0.226400 ms CreateObjectMapping: 0.119700 ms MarkObjects: 1.591000 ms  DeleteObjects: 0.013900 ms)

========================================================================
Received Import Request.
  Time since last request: 161.608974 seconds.
  path: Assets/Localisation/Tables/Main table/Localisation.asset
  artifactKey: Guid(f7e65fac43a8b014ebf00818e52a1da7) Importer(815301076,1909f56bfc062723c751e8b465ee728b)
Start importing Assets/Localisation/Tables/Main table/Localisation.asset using Guid(f7e65fac43a8b014ebf00818e52a1da7) Importer(815301076,1909f56bfc062723c751e8b465ee728b)  -> (artifact id: '293e17981ccce177ad3e76fe2b52ca33') in 0.015923 seconds
  Import took 0.020222 seconds .

========================================================================
Received Prepare
Registering precompiled user dll's ...
Registered in 0.000825 seconds.
Begin MonoManager ReloadAssembly
Native extension for WindowsStandalone target not found
Native extension for WebGL target not found
Refreshing native plugins compatible for Editor in 0.36 ms, found 1 plugins.
Preloading 0 native plugins for Editor in 0.00 ms.
Invoked RoslynAnalysisRunner static constructor.
RoslynAnalysisRunner will not be running.
RoslynAnalysisRunner has terminated.
Mono: successfully reloaded assembly
- Completed reload, in  0.793 seconds
Platform modules already initialized, skipping
Refreshing native plugins compatible for Editor in 0.44 ms, found 1 plugins.
Preloading 0 native plugins for Editor in 0.00 ms.
Unloading 2598 Unused Serialized files (Serialized files now loaded: 0)
System memory in use before: 109.6 MB.
System memory in use after: 109.8 MB.

Unloading 9 unused Assets to reduce memory usage. Loaded Objects now: 3114.
Total: 2.219200 ms (FindLiveObjects: 0.232500 ms CreateObjectMapping: 0.129900 ms MarkObjects: 1.841500 ms  DeleteObjects: 0.014500 ms)

========================================================================
Received Prepare
Registering precompiled user dll's ...
Registered in 0.000864 seconds.
Begin MonoManager ReloadAssembly
Native extension for WindowsStandalone target not found
Native extension for WebGL target not found
Refreshing native plugins compatible for Editor in 0.36 ms, found 1 plugins.
Preloading 0 native plugins for Editor in 0.00 ms.
Invoked RoslynAnalysisRunner static constructor.
RoslynAnalysisRunner will not be running.
RoslynAnalysisRunner has terminated.
Mono: successfully reloaded assembly
- Completed reload, in  0.785 seconds
Platform modules already initialized, skipping
Refreshing native plugins compatible for Editor in 0.37 ms, found 1 plugins.
Preloading 0 native plugins for Editor in 0.00 ms.
Unloading 2598 Unused Serialized files (Serialized files now loaded: 0)
System memory in use before: 109.6 MB.
System memory in use after: 109.9 MB.

Unloading 9 unused Assets to reduce memory usage. Loaded Objects now: 3117.
Total: 1.904800 ms (FindLiveObjects: 0.207800 ms CreateObjectMapping: 0.107700 ms MarkObjects: 1.572200 ms  DeleteObjects: 0.016000 ms)

========================================================================
Received Prepare
Registering precompiled user dll's ...
Registered in 0.000875 seconds.
Begin MonoManager ReloadAssembly
Native extension for WindowsStandalone target not found
Native extension for WebGL target not found
Refreshing native plugins compatible for Editor in 0.36 ms, found 1 plugins.
Preloading 0 native plugins for Editor in 0.00 ms.
Invoked RoslynAnalysisRunner static constructor.
RoslynAnalysisRunner will not be running.
RoslynAnalysisRunner has terminated.
Mono: successfully reloaded assembly
- Completed reload, in  0.772 seconds
Platform modules already initialized, skipping
Refreshing native plugins compatible for Editor in 0.35 ms, found 1 plugins.
Preloading 0 native plugins for Editor in 0.00 ms.
Unloading 2598 Unused Serialized files (Serialized files now loaded: 0)
System memory in use before: 109.6 MB.
System memory in use after: 109.9 MB.

Unloading 9 unused Assets to reduce memory usage. Loaded Objects now: 3120.
Total: 1.833100 ms (FindLiveObjects: 0.219000 ms CreateObjectMapping: 0.116000 ms MarkObjects: 1.484000 ms  DeleteObjects: 0.013300 ms)

========================================================================
Received Prepare
Registering precompiled user dll's ...
Registered in 0.001197 seconds.
Begin MonoManager ReloadAssembly
Native extension for WindowsStandalone target not found
Native extension for WebGL target not found
Refreshing native plugins compatible for Editor in 0.48 ms, found 1 plugins.
Preloading 0 native plugins for Editor in 0.00 ms.
Invoked RoslynAnalysisRunner static constructor.
RoslynAnalysisRunner will not be running.
RoslynAnalysisRunner has terminated.
Mono: successfully reloaded assembly
- Completed reload, in  0.976 seconds
Platform modules already initialized, skipping
Refreshing native plugins compatible for Editor in 0.48 ms, found 1 plugins.
Preloading 0 native plugins for Editor in 0.00 ms.
Unloading 2598 Unused Serialized files (Serialized files now loaded: 0)
System memory in use before: 109.7 MB.
System memory in use after: 109.9 MB.

Unloading 9 unused Assets to reduce memory usage. Loaded Objects now: 3123.
Total: 2.193000 ms (FindLiveObjects: 0.237400 ms CreateObjectMapping: 0.121800 ms MarkObjects: 1.818400 ms  DeleteObjects: 0.014300 ms)

========================================================================
Received Import Request.
  Time since last request: 4882.833323 seconds.
  path: Assets/Tests/PlayMode/DisplayDBTests.cs
  artifactKey: Guid(aee221c91b23dd34d8efee20ad2d2008) Importer(815301076,1909f56bfc062723c751e8b465ee728b)
Start importing Assets/Tests/PlayMode/DisplayDBTests.cs using Guid(aee221c91b23dd34d8efee20ad2d2008) Importer(815301076,1909f56bfc062723c751e8b465ee728b)  -> (artifact id: '7bb005770bc8b0ae87fdd04cc2891ad8') in 0.011533 seconds
  Import took 0.016210 seconds .

========================================================================
Received Import Request.
  Time since last request: 0.000837 seconds.
  path: Assets/Tests/PlayMode/DisplayDBTests.cs
  artifactKey: Guid(aee221c91b23dd34d8efee20ad2d2008) Importer(815301076,1909f56bfc062723c751e8b465ee728b)
Start importing Assets/Tests/PlayMode/DisplayDBTests.cs using Guid(aee221c91b23dd34d8efee20ad2d2008) Importer(815301076,1909f56bfc062723c751e8b465ee728b)  -> (artifact id: '7bb005770bc8b0ae87fdd04cc2891ad8') in 0.002412 seconds
  Import took 0.006706 seconds .

========================================================================
Received Prepare
Registering precompiled user dll's ...
Registered in 0.000888 seconds.
Begin MonoManager ReloadAssembly
Native extension for WindowsStandalone target not found
Native extension for WebGL target not found
Refreshing native plugins compatible for Editor in 0.36 ms, found 1 plugins.
Preloading 0 native plugins for Editor in 0.00 ms.
Invoked RoslynAnalysisRunner static constructor.
RoslynAnalysisRunner will not be running.
RoslynAnalysisRunner has terminated.
Mono: successfully reloaded assembly
- Completed reload, in  0.806 seconds
Platform modules already initialized, skipping
Refreshing native plugins compatible for Editor in 0.40 ms, found 1 plugins.
Preloading 0 native plugins for Editor in 0.00 ms.
Unloading 2598 Unused Serialized files (Serialized files now loaded: 0)
System memory in use before: 109.6 MB.
System memory in use after: 109.8 MB.

Unloading 9 unused Assets to reduce memory usage. Loaded Objects now: 3126.
Total: 2.429500 ms (FindLiveObjects: 0.261300 ms CreateObjectMapping: 0.255200 ms MarkObjects: 1.891100 ms  DeleteObjects: 0.020300 ms)

AssetImportWorkerClient::OnTransportError - code=2 error=End of file
